0 info it worked if it ends with ok
1 verbose cli [ '/Users/mymomo/.nvm/versions/node/v8.7.0/bin/node',
1 verbose cli   '/Users/mymomo/.nvm/versions/node/v8.7.0/bin/npm',
1 verbose cli   'run',
1 verbose cli   'test',
1 verbose cli   '--no-cache' ]
2 info using npm@5.5.1
3 info using node@v8.7.0
4 verbose run-script [ 'pretest', 'test', 'posttest' ]
5 info lifecycle lib-starter@1.0.0~pretest: lib-starter@1.0.0
6 info lifecycle lib-starter@1.0.0~test: lib-starter@1.0.0
7 verbose lifecycle lib-starter@1.0.0~test: unsafe-perm in lifecycle true
8 verbose lifecycle lib-starter@1.0.0~test: PATH: /Users/mymomo/.nvm/versions/node/v8.7.0/lib/node_modules/npm/bin/node-gyp-bin:/Users/mymomo/workspace/github/recomputed/node_modules/.bin:/Users/mymomo/.rvm/gems/ruby-2.3.0/bin:/Users/mymomo/.rvm/gems/ruby-2.3.0@global/bin:/Users/mymomo/.rvm/rubies/ruby-2.3.0/bin:/Users/mymomo/.nvm/versions/node/v8.7.0/bin:~/Library/Python/3.6/bin:/Users/mymomo/go work/bin:/usr/local/bin:/usr/local/go/bin:~/.rvm/bin:/Library/Frameworks/Python.framework/Versions/3.6/bin:/usr/bin:/bin:/usr/sbin:/sbin:/usr/bin:/bin:/usr/sbin:/sbin:~/cloud/go_appengine_1.9.48/:/usr/local/opt/fzf/bin:/Users/mymomo/.rvm/bin
9 verbose lifecycle lib-starter@1.0.0~test: CWD: /Users/mymomo/workspace/github/recomputed
10 silly lifecycle lib-starter@1.0.0~test: Args: [ '-c', 'jest' ]
11 silly lifecycle lib-starter@1.0.0~test: Returned: code: 1  signal: null
12 info lifecycle lib-starter@1.0.0~test: Failed to exec test script
13 verbose stack Error: lib-starter@1.0.0 test: `jest`
13 verbose stack Exit status 1
13 verbose stack     at EventEmitter.<anonymous> (/Users/mymomo/.nvm/versions/node/v8.7.0/lib/node_modules/npm/node_modules/npm-lifecycle/index.js:280:16)
13 verbose stack     at emitTwo (events.js:125:13)
13 verbose stack     at EventEmitter.emit (events.js:213:7)
13 verbose stack     at ChildProcess.<anonymous> (/Users/mymomo/.nvm/versions/node/v8.7.0/lib/node_modules/npm/node_modules/npm-lifecycle/lib/spawn.js:55:14)
13 verbose stack     at emitTwo (events.js:125:13)
13 verbose stack     at ChildProcess.emit (events.js:213:7)
13 verbose stack     at maybeClose (internal/child_process.js:927:16)
13 verbose stack     at Process.ChildProcess._handle.onexit (internal/child_process.js:211:5)
14 verbose pkgid lib-starter@1.0.0
15 verbose cwd /Users/mymomo/workspace/github/recomputed
16 verbose Darwin 17.3.0
17 verbose argv "/Users/mymomo/.nvm/versions/node/v8.7.0/bin/node" "/Users/mymomo/.nvm/versions/node/v8.7.0/bin/npm" "run" "test" "--no-cache"
18 verbose node v8.7.0
19 verbose npm  v5.5.1
20 error code ELIFECYCLE
21 error errno 1
22 error lib-starter@1.0.0 test: `jest`
22 error Exit status 1
23 error Failed at the lib-starter@1.0.0 test script.
23 error This is probably not a problem with npm. There is likely additional logging output above.
24 verbose exit [ 1, true ]
